<?xml version="1.0" encoding="UTF-8"?>
<!-- Generated by org.testng.reporters.JUnitReportReporter -->
<testsuite hostname="Khadijah-Saleh" failures="0" tests="1" name="bank.TestCases" time="64.925" errors="0" timestamp="2024-01-01T22:23:29 EET" skipped="0">
  <testcase classname="bank.TestCases" name="addCustomer" time="64.925"/>
  <system-out/>
</testsuite> <!-- bank.TestCases -->
