<?xml version="1.0" encoding="UTF-8"?>
<!-- Generated by org.testng.reporters.JUnitReportReporter -->
<testsuite hostname="Khadijah-Saleh" failures="0" tests="1" name="bank.TestCases" time="3.211" errors="0" timestamp="2024-01-01T22:39:12 EET" skipped="0">
  <testcase classname="bank.TestCases" name="addCustomer" time="3.211"/>
  <system-out/>
</testsuite> <!-- bank.TestCases -->
