<?xml version="1.0" encoding="UTF-8"?>
<!-- Generated by org.testng.reporters.JUnitReportReporter -->
<testsuite hostname="Khadijah-Saleh" failures="0" tests="1" name="bank.TestCases" time="0.005" errors="0" timestamp="2023-12-30T21:59:29 EET" skipped="0">
  <testcase classname="bank.TestCases" name="firstTest" time="0.005"/>
  <system-out/>
</testsuite> <!-- bank.TestCases -->
